current directory: /home/work/lab/internal-wallet-ror/.devenv/state/.bundle/ruby/3.2.0/gems/bcrypt_pbkdf-1.1.1/ext/mri
/nix/store/14g9akm3jcpx75i4lac8zi84v0ik5g2g-ruby-3.2.3/bin/ruby extconf.rb
creating Makefile

current directory: /home/work/lab/internal-wallet-ror/.devenv/state/.bundle/ruby/3.2.0/gems/bcrypt_pbkdf-1.1.1/ext/mri
make DESTDIR\= sitearchdir\=./.gem.20241203-51991-ld1vf sitelibdir\=./.gem.20241203-51991-ld1vf clean

current directory: /home/work/lab/internal-wallet-ror/.devenv/state/.bundle/ruby/3.2.0/gems/bcrypt_pbkdf-1.1.1/ext/mri
make DESTDIR\= sitearchdir\=./.gem.20241203-51991-ld1vf sitelibdir\=./.gem.20241203-51991-ld1vf
compiling bcrypt_pbkdf.c
compiling bcrypt_pbkdf_ext.c
bcrypt_pbkdf_ext.c: In function ‘Init_bcrypt_pbkdf_ext’:
bcrypt_pbkdf_ext.c:38:6: warning: old-style function definition [-Wold-style-definition]
   38 | void Init_bcrypt_pbkdf_ext(){
      |      ^~~~~~~~~~~~~~~~~~~~~
At top level:
cc1: note: unrecognized command-line option ‘-Wno-self-assign’ may have been intended to silence earlier diagnostics
cc1: note: unrecognized command-line option ‘-Wno-parentheses-equality’ may have been intended to silence earlier diagnostics
cc1: note: unrecognized command-line option ‘-Wno-constant-logical-operand’ may have been intended to silence earlier diagnostics
compiling blowfish.c
compiling explicit_bzero.c
compiling hash_sha512.c
linking shared-object bcrypt_pbkdf_ext.so

current directory: /home/work/lab/internal-wallet-ror/.devenv/state/.bundle/ruby/3.2.0/gems/bcrypt_pbkdf-1.1.1/ext/mri
make DESTDIR\= sitearchdir\=./.gem.20241203-51991-ld1vf sitelibdir\=./.gem.20241203-51991-ld1vf install
install -c -p -m 755 bcrypt_pbkdf_ext.so ./.gem.20241203-51991-ld1vf

current directory: /home/work/lab/internal-wallet-ror/.devenv/state/.bundle/ruby/3.2.0/gems/bcrypt_pbkdf-1.1.1/ext/mri
make DESTDIR\= sitearchdir\=./.gem.20241203-51991-ld1vf sitelibdir\=./.gem.20241203-51991-ld1vf clean
