current directory: /home/work/lab/internal-wallet-ror/.devenv/state/.bundle/ruby/3.2.0/gems/psych-5.2.1/ext/psych
/nix/store/14g9akm3jcpx75i4lac8zi84v0ik5g2g-ruby-3.2.3/bin/ruby extconf.rb
checking for yaml.h... yes
checking for yaml_get_version() in -lyaml... yes
creating Makefile

current directory: /home/work/lab/internal-wallet-ror/.devenv/state/.bundle/ruby/3.2.0/gems/psych-5.2.1/ext/psych
make DESTDIR\= sitearchdir\=./.gem.20241203-61864-c0athi sitelibdir\=./.gem.20241203-61864-c0athi clean
cd libyaml && make clean
/bin/sh: line 1: cd: libyaml: No such file or directory
make: [Makefile:283: clean-so] Error 1 (ignored)

current directory: /home/work/lab/internal-wallet-ror/.devenv/state/.bundle/ruby/3.2.0/gems/psych-5.2.1/ext/psych
make DESTDIR\= sitearchdir\=./.gem.20241203-61864-c0athi sitelibdir\=./.gem.20241203-61864-c0athi
compiling psych.c
compiling psych_emitter.c
compiling psych_parser.c
compiling psych_to_ruby.c
compiling psych_yaml_tree.c
linking shared-object psych.so

current directory: /home/work/lab/internal-wallet-ror/.devenv/state/.bundle/ruby/3.2.0/gems/psych-5.2.1/ext/psych
make DESTDIR\= sitearchdir\=./.gem.20241203-61864-c0athi sitelibdir\=./.gem.20241203-61864-c0athi install
install -c -p -m 755 psych.so ./.gem.20241203-61864-c0athi

current directory: /home/work/lab/internal-wallet-ror/.devenv/state/.bundle/ruby/3.2.0/gems/psych-5.2.1/ext/psych
make DESTDIR\= sitearchdir\=./.gem.20241203-61864-c0athi sitelibdir\=./.gem.20241203-61864-c0athi clean
cd libyaml && make clean
/bin/sh: line 1: cd: libyaml: No such file or directory
make: [Makefile:283: clean-so] Error 1 (ignored)
