current directory: /home/work/lab/internal-wallet-ror/.devenv/state/.bundle/ruby/3.2.0/gems/websocket-driver-0.7.6/ext/websocket-driver
/nix/store/14g9akm3jcpx75i4lac8zi84v0ik5g2g-ruby-3.2.3/bin/ruby extconf.rb
creating Makefile

current directory: /home/work/lab/internal-wallet-ror/.devenv/state/.bundle/ruby/3.2.0/gems/websocket-driver-0.7.6/ext/websocket-driver
make DESTDIR\= sitearchdir\=./.gem.20241203-51680-sxbmq7 sitelibdir\=./.gem.20241203-51680-sxbmq7 clean

current directory: /home/work/lab/internal-wallet-ror/.devenv/state/.bundle/ruby/3.2.0/gems/websocket-driver-0.7.6/ext/websocket-driver
make DESTDIR\= sitearchdir\=./.gem.20241203-51680-sxbmq7 sitelibdir\=./.gem.20241203-51680-sxbmq7
compiling websocket_mask.c
websocket_mask.c: In function ‘Init_websocket_mask’:
websocket_mask.c:26:6: warning: old-style function definition [-Wold-style-definition]
   26 | void Init_websocket_mask()
      |      ^~~~~~~~~~~~~~~~~~~
At top level:
cc1: note: unrecognized command-line option ‘-Wno-self-assign’ may have been intended to silence earlier diagnostics
cc1: note: unrecognized command-line option ‘-Wno-parentheses-equality’ may have been intended to silence earlier diagnostics
cc1: note: unrecognized command-line option ‘-Wno-constant-logical-operand’ may have been intended to silence earlier diagnostics
linking shared-object websocket_mask.so

current directory: /home/work/lab/internal-wallet-ror/.devenv/state/.bundle/ruby/3.2.0/gems/websocket-driver-0.7.6/ext/websocket-driver
make DESTDIR\= sitearchdir\=./.gem.20241203-51680-sxbmq7 sitelibdir\=./.gem.20241203-51680-sxbmq7 install
install -c -p -m 755 websocket_mask.so ./.gem.20241203-51680-sxbmq7

current directory: /home/work/lab/internal-wallet-ror/.devenv/state/.bundle/ruby/3.2.0/gems/websocket-driver-0.7.6/ext/websocket-driver
make DESTDIR\= sitearchdir\=./.gem.20241203-51680-sxbmq7 sitelibdir\=./.gem.20241203-51680-sxbmq7 clean
