current directory: /home/work/lab/internal-wallet-ror/.devenv/state/.bundle/ruby/3.2.0/gems/msgpack-1.7.5/ext/msgpack
/nix/store/14g9akm3jcpx75i4lac8zi84v0ik5g2g-ruby-3.2.3/bin/ruby extconf.rb
checking for rb_enc_interned_str() in ruby.h... yes
checking for rb_hash_new_capa() in ruby.h... yes
checking for rb_proc_call_with_block() in ruby.h... yes
checking for whether -fvisibility=hidden is accepted as CFLAGS... yes
checking for whether -I.. is accepted as CFLAGS... yes
checking for whether -Wall is accepted as CFLAGS... yes
checking for whether -O3 is accepted as CFLAGS... yes
checking for whether -std=gnu99 is accepted as CFLAGS... yes
checking for whether -ggdb3 is accepted as CFLAGS... yes
checking for whether -DHASH_ASET_DEDUPE=1 is accepted as CFLAGS... yes
checking for whether -DSTR_UMINUS_DEDUPE_FROZEN=1 is accepted as CFLAGS... yes
creating Makefile

current directory: /home/work/lab/internal-wallet-ror/.devenv/state/.bundle/ruby/3.2.0/gems/msgpack-1.7.5/ext/msgpack
make DESTDIR\= sitearchdir\=./.gem.20241203-51991-3dpfdo sitelibdir\=./.gem.20241203-51991-3dpfdo clean

current directory: /home/work/lab/internal-wallet-ror/.devenv/state/.bundle/ruby/3.2.0/gems/msgpack-1.7.5/ext/msgpack
make DESTDIR\= sitearchdir\=./.gem.20241203-51991-3dpfdo sitelibdir\=./.gem.20241203-51991-3dpfdo
compiling buffer.c
compiling buffer_class.c
compiling extension_value_class.c
compiling factory_class.c
compiling packer.c
compiling packer_class.c
compiling packer_ext_registry.c
compiling rbinit.c
compiling rmem.c
compiling unpacker.c
compiling unpacker_class.c
compiling unpacker_ext_registry.c
linking shared-object msgpack/msgpack.so

current directory: /home/work/lab/internal-wallet-ror/.devenv/state/.bundle/ruby/3.2.0/gems/msgpack-1.7.5/ext/msgpack
make DESTDIR\= sitearchdir\=./.gem.20241203-51991-3dpfdo sitelibdir\=./.gem.20241203-51991-3dpfdo install
install -c -p -m 755 msgpack.so ./.gem.20241203-51991-3dpfdo/msgpack

current directory: /home/work/lab/internal-wallet-ror/.devenv/state/.bundle/ruby/3.2.0/gems/msgpack-1.7.5/ext/msgpack
make DESTDIR\= sitearchdir\=./.gem.20241203-51991-3dpfdo sitelibdir\=./.gem.20241203-51991-3dpfdo clean
