current directory: /home/work/lab/internal-wallet-ror/.devenv/state/.bundle/ruby/3.2.0/gems/puma-6.5.0/ext/puma_http11
/nix/store/14g9akm3jcpx75i4lac8zi84v0ik5g2g-ruby-3.2.3/bin/ruby extconf.rb
checking for BIO_read() in -llibcrypto... no
checking for BIO_read() in -lcrypto... no
checking for BIO_read() in -llibeay32... no
** Puma will be compiled without SSL support
creating Makefile

current directory: /home/work/lab/internal-wallet-ror/.devenv/state/.bundle/ruby/3.2.0/gems/puma-6.5.0/ext/puma_http11
make DESTDIR\= sitearchdir\=./.gem.20241203-51991-2zslk5 sitelibdir\=./.gem.20241203-51991-2zslk5 clean

current directory: /home/work/lab/internal-wallet-ror/.devenv/state/.bundle/ruby/3.2.0/gems/puma-6.5.0/ext/puma_http11
make DESTDIR\= sitearchdir\=./.gem.20241203-51991-2zslk5 sitelibdir\=./.gem.20241203-51991-2zslk5
compiling http11_parser.c
compiling mini_ssl.c
compiling puma_http11.c
linking shared-object puma/puma_http11.so

current directory: /home/work/lab/internal-wallet-ror/.devenv/state/.bundle/ruby/3.2.0/gems/puma-6.5.0/ext/puma_http11
make DESTDIR\= sitearchdir\=./.gem.20241203-51991-2zslk5 sitelibdir\=./.gem.20241203-51991-2zslk5 install
install -c -p -m 755 puma_http11.so ./.gem.20241203-51991-2zslk5/puma

current directory: /home/work/lab/internal-wallet-ror/.devenv/state/.bundle/ruby/3.2.0/gems/puma-6.5.0/ext/puma_http11
make DESTDIR\= sitearchdir\=./.gem.20241203-51991-2zslk5 sitelibdir\=./.gem.20241203-51991-2zslk5 clean
